<?xml version="1.0" encoding="UTF-8"?>
<testsuite name="com.example.service.dao.OrderDAOTest" tests="1" skipped="0" failures="0" errors="0" timestamp="2020-10-21T13:31:46" hostname="DESKTOP-4TIFPGS" time="0.571">
  <properties/>
  <testcase name="testSaveOrder()" classname="com.example.service.dao.OrderDAOTest" time="0.571"/>
  <system-out><![CDATA[16:31:42.083 [Test worker] DEBUG org.springframework.test.context.BootstrapUtils - Instantiating CacheAwareContextLoaderDelegate from class [org.springframework.test.context.cache.DefaultCacheAwareContextLoaderDelegate]
16:31:42.099 [Test worker] DEBUG org.springframework.test.context.BootstrapUtils - Instantiating BootstrapContext using constructor [public org.springframework.test.context.support.DefaultBootstrapContext(java.lang.Class,org.springframework.test.context.CacheAwareContextLoaderDelegate)]
16:31:42.136 [Test worker] DEBUG org.springframework.test.context.BootstrapUtils - Instantiating TestContextBootstrapper for test class [com.example.service.dao.OrderDAOTest] from class [org.springframework.boot.test.context.SpringBootTestContextBootstrapper]
16:31:42.155 [Test worker] INFO org.springframework.boot.test.context.SpringBootTestContextBootstrapper - Neither @ContextConfiguration nor @ContextHierarchy found for test class [com.example.service.dao.OrderDAOTest], using SpringBootContextLoader
16:31:42.161 [Test worker] DEBUG org.springframework.test.context.support.AbstractContextLoader - Did not detect default resource location for test class [com.example.service.dao.OrderDAOTest]: class path resource [com/example/service/dao/OrderDAOTest-context.xml] does not exist
16:31:42.162 [Test worker] DEBUG org.springframework.test.context.support.AbstractContextLoader - Did not detect default resource location for test class [com.example.service.dao.OrderDAOTest]: class path resource [com/example/service/dao/OrderDAOTestContext.groovy] does not exist
16:31:42.162 [Test worker] INFO org.springframework.test.context.support.AbstractContextLoader - Could not detect default resource locations for test class [com.example.service.dao.OrderDAOTest]: no resource found for suffixes {-context.xml, Context.groovy}.
16:31:42.163 [Test worker] INFO org.springframework.test.context.support.AnnotationConfigContextLoaderUtils - Could not detect default configuration classes for test class [com.example.service.dao.OrderDAOTest]: OrderDAOTest does not declare any static, non-private, non-final, nested classes annotated with @Configuration.
16:31:42.229 [Test worker] DEBUG org.springframework.test.context.support.ActiveProfilesUtils - Could not find an 'annotation declaring class' for annotation type [org.springframework.test.context.ActiveProfiles] and class [com.example.service.dao.OrderDAOTest]
16:31:42.375 [Test worker] DEBUG org.springframework.context.annotation.ClassPathScanningCandidateComponentProvider - Identified candidate component class: file [C:\Users\Aleksa\IdeaProjects\Sumenko_AI_Java_Liga_Lesson4\demo\build\classes\java\main\com\example\service\ServiceApplication.class]
16:31:42.377 [Test worker] INFO org.springframework.boot.test.context.SpringBootTestContextBootstrapper - Found @SpringBootConfiguration com.example.service.ServiceApplication for test class com.example.service.dao.OrderDAOTest
16:31:42.544 [Test worker] DEBUG org.springframework.boot.test.context.SpringBootTestContextBootstrapper - @TestExecutionListeners is not present for class [com.example.service.dao.OrderDAOTest]: using defaults.
16:31:42.548 [Test worker] INFO org.springframework.boot.test.context.SpringBootTestContextBootstrapper - Loaded default TestExecutionListener class names from location [META-INF/spring.factories]: [org.springframework.boot.test.autoconfigure.restdocs.RestDocsTestExecutionListener, org.springframework.boot.test.autoconfigure.web.client.MockRestServiceServerResetTestExecutionListener, org.springframework.boot.test.autoconfigure.web.servlet.MockMvcPrintOnlyOnFailureTestExecutionListener, org.springframework.boot.test.autoconfigure.web.servlet.WebDriverTestExecutionListener, org.springframework.boot.test.autoconfigure.webservices.client.MockWebServiceServerTestExecutionListener, org.springframework.boot.test.mock.mockito.MockitoTestExecutionListener, org.springframework.boot.test.mock.mockito.ResetMocksTestExecutionListener, org.springframework.test.context.web.ServletTestExecutionListener, org.springframework.test.context.support.DirtiesContextBeforeModesTestExecutionListener, org.springframework.test.context.support.DependencyInjectionTestExecutionListener, org.springframework.test.context.support.DirtiesContextTestExecutionListener, org.springframework.test.context.transaction.TransactionalTestExecutionListener, org.springframework.test.context.jdbc.SqlScriptsTestExecutionListener, org.springframework.test.context.event.EventPublishingTestExecutionListener]
16:31:42.578 [Test worker] INFO org.springframework.boot.test.context.SpringBootTestContextBootstrapper - Using TestExecutionListeners: [org.springframework.test.context.web.ServletTestExecutionListener@40f29790, org.springframework.test.context.support.DirtiesContextBeforeModesTestExecutionListener@76967c2a, org.springframework.boot.test.mock.mockito.MockitoTestExecutionListener@572ea12b, org.springframework.boot.test.autoconfigure.SpringBootDependencyInjectionTestExecutionListener@e5af22f, org.springframework.test.context.support.DirtiesContextTestExecutionListener@5a40aa63, org.springframework.test.context.transaction.TransactionalTestExecutionListener@1f72fa2d, org.springframework.test.context.jdbc.SqlScriptsTestExecutionListener@3d772711, org.springframework.test.context.event.EventPublishingTestExecutionListener@6465611a, org.springframework.boot.test.autoconfigure.restdocs.RestDocsTestExecutionListener@3b29dc47, org.springframework.boot.test.autoconfigure.web.client.MockRestServiceServerResetTestExecutionListener@3302fa9d, org.springframework.boot.test.autoconfigure.web.servlet.MockMvcPrintOnlyOnFailureTestExecutionListener@37c91c43, org.springframework.boot.test.autoconfigure.web.servlet.WebDriverTestExecutionListener@786bd611, org.springframework.boot.test.autoconfigure.webservices.client.MockWebServiceServerTestExecutionListener@d55f6bf, org.springframework.boot.test.mock.mockito.ResetMocksTestExecutionListener@29a7239a]
16:31:42.585 [Test worker] DEBUG org.springframework.test.context.support.AbstractDirtiesContextTestExecutionListener - Before test class: context [DefaultTestContext@35da25bd testClass = OrderDAOTest, testInstance = [null], testMethod = [null], testException = [null], mergedContextConfiguration = [WebMergedContextConfiguration@47ae4696 testClass = OrderDAOTest, locations = '{}', classes = '{class com.example.service.ServiceApplication}', contextInitializerClasses = '[]', activeProfiles = '{}', propertySourceLocations = '{}', propertySourceProperties = '{org.springframework.boot.test.context.SpringBootTestContextBootstrapper=true}', contextCustomizers = set[org.springframework.boot.test.autoconfigure.properties.PropertyMappingContextCustomizer@0, org.springframework.boot.test.autoconfigure.web.servlet.WebDriverContextCustomizerFactory$Customizer@584a46b4, org.springframework.boot.test.context.filter.ExcludeFilterContextCustomizer@10af90c7, org.springframework.boot.test.json.DuplicateJsonObjectContextCustomizerFactory$DuplicateJsonObjectContextCustomizer@65c78ddf, org.springframework.boot.test.mock.mockito.MockitoContextCustomizer@0, org.springframework.boot.test.web.client.TestRestTemplateContextCustomizer@4965bac5, org.springframework.boot.test.context.SpringBootTestArgs@1], resourceBasePath = 'src/main/webapp', contextLoader = 'org.springframework.boot.test.context.SpringBootContextLoader', parent = [null]], attributes = map['org.springframework.test.context.web.ServletTestExecutionListener.activateListener' -> true]], class annotated with @DirtiesContext [false] with mode [null].
16:31:42.613 [Test worker] DEBUG org.springframework.test.context.support.TestPropertySourceUtils - Adding inlined properties to environment: {spring.jmx.enabled=false, org.springframework.boot.test.context.SpringBootTestContextBootstrapper=true}

  .   ____          _            __ _ _
 /\\ / ___'_ __ _ _(_)_ __  __ _ \ \ \ \
( ( )\___ | '_ | '_| | '_ \/ _` | \ \ \ \
 \\/  ___)| |_)| | | | | || (_| |  ) ) ) )
  '  |____| .__|_| |_|_| |_\__, | / / / /
 =========|_|==============|___/=/_/_/_/
 :: Spring Boot ::        (v2.3.4.RELEASE)

2020-10-21 16:31:42.989  INFO 20952 --- [    Test worker] com.example.service.dao.OrderDAOTest     : Starting OrderDAOTest on DESKTOP-4TIFPGS with PID 20952 (started by Aleksa in C:\Users\Aleksa\IdeaProjects\Sumenko_AI_Java_Liga_Lesson4\demo)
2020-10-21 16:31:42.991  INFO 20952 --- [    Test worker] com.example.service.dao.OrderDAOTest     : No active profile set, falling back to default profiles: default
2020-10-21 16:31:43.932  INFO 20952 --- [    Test worker] .s.d.r.c.RepositoryConfigurationDelegate : Bootstrapping Spring Data JDBC repositories in DEFAULT mode.
2020-10-21 16:31:43.959  INFO 20952 --- [    Test worker] .s.d.r.c.RepositoryConfigurationDelegate : Finished Spring Data repository scanning in 21ms. Found 0 JDBC repository interfaces.
2020-10-21 16:31:44.526  INFO 20952 --- [    Test worker] com.zaxxer.hikari.HikariDataSource       : HikariPool-1 - Starting...
2020-10-21 16:31:44.736  INFO 20952 --- [    Test worker] com.zaxxer.hikari.HikariDataSource       : HikariPool-1 - Start completed.
2020-10-21 16:31:45.464  INFO 20952 --- [    Test worker] o.s.s.concurrent.ThreadPoolTaskExecutor  : Initializing ExecutorService 'applicationTaskExecutor'
2020-10-21 16:31:45.534  INFO 20952 --- [    Test worker] o.s.b.a.h2.H2ConsoleAutoConfiguration    : H2 console available at '/h2-console'. Database available at 'jdbc:h2:mem:schema'
2020-10-21 16:31:46.046  INFO 20952 --- [    Test worker] com.example.service.dao.OrderDAOTest     : Started OrderDAOTest in 3.425 seconds (JVM running for 5.111)
]]></system-out>
  <system-err><![CDATA[]]></system-err>
</testsuite>
